<?xml version="1.0" encoding="UTF-8"?>
<!-- Generated by org.testng.reporters.JUnitReportReporter -->
<testsuite hostname="CFLAP0471" name="com.creatingmuiltipleredminetickets.CreatingMuiltipleRedmineTickets" tests="1" failures="0" timestamp="24 Sep 2015 06:43:30 GMT" time="135.283" errors="0">
  <testcase name="creatingTheRedmineTickets" time="135.283" classname="com.creatingmuiltipleredminetickets.CreatingMuiltipleRedmineTickets"/>
</testsuite> <!-- com.creatingmuiltipleredminetickets.CreatingMuiltipleRedmineTickets -->
