<?xml version="1.0" encoding="UTF-8"?>
<!-- Generated by org.testng.reporters.JUnitReportReporter -->
<testsuite hostname="CFLAP0471" name="com.singleredmineticket.CreatingSingleRedmineTicket" tests="1" failures="1" timestamp="20 Dec 2015 02:43:17 GMT" time="0.005" errors="0">
  <testcase name="testRedime" time="0.005" classname="com.singleredmineticket.CreatingSingleRedmineTicket">
    <failure type="org.openqa.selenium.WebDriverException" message="Failed to connect to binary FirefoxBinary(C:\Program Files (x86)\Mozilla Firefox\firefox.exe) on port 7055; process output follows: 
	addons.xpi	DEBUG	getInstallState changed: false, state: {&quot;app-profile&quot;:{&quot;fxdriver@googlecode.com&quot;:{&quot;d&quot;:&quot;C:\\Users\\CFLAP471\\AppData\\Local\\Temp\\anonymous1582187776459125719webdriver-profile\\extensions\\fxdriver@googlecode.com&quot;,&quot;e&quot;:true,&quot;v&quot;:&quot;2.43.1&quot;,&quot;st&quot;:1450579344575,&quot;mt&quot;:1450579344089}},&quot;winreg-app-user&quot;:{&quot;mozilla_cc@internetdownloadmanager.com&quot;:{&quot;d&quot;:&quot;C:\\Users\\CFLAP471\\AppData\\Roaming\\IDM\\idmmzcc5&quot;,&quot;e&quot;:false,&quot;v&quot;:&quot;7.3.26&quot;,&quot;st&quot;:1446289080292,&quot;mt&quot;:1446289080277}},&quot;app-global&quot;:{&quot;{972ce4c6-7e08-4474-a285-3208198ce6fd}&quot;:{&quot;d&quot;:&quot;C:\\Program Files (x86)\\Mozilla Firefox\\browser\\extensions\\{972ce4c6-7e08-4474-a285-3208198ce6fd}&quot;,&quot;e&quot;:true,&quot;v&quot;:&quot;42.0&quot;,&quot;st&quot;:1446735879022,&quot;mt&quot;:1446735877522}}}
1450579352057	addons.xpi	DEBUG	No changes found
1450579352079	addons.manager	DEBUG	Registering shutdown blocker for XPIProvider
1450579352081	addons.manager	DEBUG	Provider finished startup: XPIProvider
1450579352081	addons.manager	DEBUG	Starting provider: LightweightThemeManager
1450579352082	addons.manager	DEBUG	Registering shutdown blocker for LightweightThemeManager
1450579352082	addons.manager	DEBUG	Provider finished startup: LightweightThemeManager
1450579352084	addons.manager	DEBUG	Starting provider: GMPProvider
1450579352098	addons.manager	DEBUG	Registering shutdown blocker for GMPProvider
1450579352099	addons.manager	DEBUG	Provider finished startup: GMPProvider
1450579352099	addons.manager	DEBUG	Starting provider: PluginProvider
1450579352099	addons.manager	DEBUG	Registering shutdown blocker for PluginProvider
1450579352100	addons.manager	DEBUG	Provider finished startup: PluginProvider
1450579352101	addons.manager	DEBUG	Completed startup sequence
1450579352327	addons.xpi-utils	DEBUG	Starting async load of XPI database C:\Users\CFLAP471\AppData\Local\Temp\anonymous1582187776459125719webdriver-profile\extensions.json
*** Blocklist::_loadBlocklistFromFile: blocklist is disabled
1450579352744	addons.manager	DEBUG	Starting provider: &lt;unnamed-provider&gt;
1450579352745	addons.manager	DEBUG	Registering shutdown blocker for &lt;unnamed-provider&gt;
1450579352745	addons.manager	DEBUG	Provider finished startup: &lt;unnamed-provider&gt;
1450579353030	addons.xpi-utils	DEBUG	Async JSON file read took 0 MS
1450579353030	addons.xpi-utils	DEBUG	Finished async read of XPI database, parsing...
1450579353032	addons.xpi-utils	DEBUG	Successfully read XPI database
1450579353261	addons.manager	DEBUG	Starting provider: PreviousExperimentProvider
1450579353262	addons.manager	DEBUG	Registering shutdown blocker for PreviousExperimentProvider
1450579353262	addons.manager	DEBUG	Provider finished startup: PreviousExperimentProvider
JavaScript error: file:///C:/Users/CFLAP471/AppData/Local/Temp/anonymous1582187776459125719webdriver-profile/extensions/fxdriver@googlecode.com/components/driver-component.js, line 11464: TypeError: this.server_ is undefined
JavaScript error: chrome://fxdriver/content/server.js, line 38: NS_ERROR_XPC_CI_RETURNED_FAILURE: Component returned failure code: 0x80570015 (NS_ERROR_XPC_CI_RETURNED_FAILURE) [nsIJSCID.createInstance]
JavaScript warning: https://self-repair.mozilla.org/en-US/repair/, line 8: mutating the [[Prototype]] of an object will cause your code to run very slowly; instead create the object with the correct initial [[Prototype]] value using Object.create
1450579382712	addons.manager	DEBUG	shutdown
1450579382713	addons.manager	DEBUG	Calling shutdown blocker for XPIProvider
1450579382714	addons.xpi	DEBUG	shutdown
1450579382715	addons.xpi-utils	DEBUG	shutdown
1450579382717	addons.manager	DEBUG	Calling shutdown blocker for LightweightThemeManager
1450579382718	addons.manager	DEBUG	Calling shutdown blocker for GMPProvider
1450579382726	addons.manager	DEBUG	Calling shutdown blocker for PluginProvider
1450579382727	addons.manager	DEBUG	Calling shutdown blocker for &lt;unnamed-provider&gt;
1450579382730	addons.manager	DEBUG	Calling shutdown blocker for PreviousExperimentProvider
1450579382741	addons.xpi	DEBUG	Notifying XPI shutdown observers
1450579382755	addons.manager	DEBUG	Async provider shutdown done

Build info: version: &#039;2.43.1&#039;, revision: &#039;5163bce&#039;, time: &#039;2014-09-10 16:27:33&#039;
System info: host: &#039;CFLAP0471&#039;, ip: &#039;192.168.0.3&#039;, os.name: &#039;Windows 8.1&#039;, os.arch: &#039;amd64&#039;, os.version: &#039;6.3&#039;, java.version: &#039;1.8.0_66&#039;
Driver info: driver.version: FirefoxDriver">
      <![CDATA[org.openqa.selenium.WebDriverException: Failed to connect to binary FirefoxBinary(C:\Program Files (x86)\Mozilla Firefox\firefox.exe) on port 7055; process output follows: 
	addons.xpi	DEBUG	getInstallState changed: false, state: {"app-profile":{"fxdriver@googlecode.com":{"d":"C:\\Users\\CFLAP471\\AppData\\Local\\Temp\\anonymous1582187776459125719webdriver-profile\\extensions\\fxdriver@googlecode.com","e":true,"v":"2.43.1","st":1450579344575,"mt":1450579344089}},"winreg-app-user":{"mozilla_cc@internetdownloadmanager.com":{"d":"C:\\Users\\CFLAP471\\AppData\\Roaming\\IDM\\idmmzcc5","e":false,"v":"7.3.26","st":1446289080292,"mt":1446289080277}},"app-global":{"{972ce4c6-7e08-4474-a285-3208198ce6fd}":{"d":"C:\\Program Files (x86)\\Mozilla Firefox\\browser\\extensions\\{972ce4c6-7e08-4474-a285-3208198ce6fd}","e":true,"v":"42.0","st":1446735879022,"mt":1446735877522}}}
1450579352057	addons.xpi	DEBUG	No changes found
1450579352079	addons.manager	DEBUG	Registering shutdown blocker for XPIProvider
1450579352081	addons.manager	DEBUG	Provider finished startup: XPIProvider
1450579352081	addons.manager	DEBUG	Starting provider: LightweightThemeManager
1450579352082	addons.manager	DEBUG	Registering shutdown blocker for LightweightThemeManager
1450579352082	addons.manager	DEBUG	Provider finished startup: LightweightThemeManager
1450579352084	addons.manager	DEBUG	Starting provider: GMPProvider
1450579352098	addons.manager	DEBUG	Registering shutdown blocker for GMPProvider
1450579352099	addons.manager	DEBUG	Provider finished startup: GMPProvider
1450579352099	addons.manager	DEBUG	Starting provider: PluginProvider
1450579352099	addons.manager	DEBUG	Registering shutdown blocker for PluginProvider
1450579352100	addons.manager	DEBUG	Provider finished startup: PluginProvider
1450579352101	addons.manager	DEBUG	Completed startup sequence
1450579352327	addons.xpi-utils	DEBUG	Starting async load of XPI database C:\Users\CFLAP471\AppData\Local\Temp\anonymous1582187776459125719webdriver-profile\extensions.json
*** Blocklist::_loadBlocklistFromFile: blocklist is disabled
1450579352744	addons.manager	DEBUG	Starting provider: <unnamed-provider>
1450579352745	addons.manager	DEBUG	Registering shutdown blocker for <unnamed-provider>
1450579352745	addons.manager	DEBUG	Provider finished startup: <unnamed-provider>
1450579353030	addons.xpi-utils	DEBUG	Async JSON file read took 0 MS
1450579353030	addons.xpi-utils	DEBUG	Finished async read of XPI database, parsing...
1450579353032	addons.xpi-utils	DEBUG	Successfully read XPI database
1450579353261	addons.manager	DEBUG	Starting provider: PreviousExperimentProvider
1450579353262	addons.manager	DEBUG	Registering shutdown blocker for PreviousExperimentProvider
1450579353262	addons.manager	DEBUG	Provider finished startup: PreviousExperimentProvider
JavaScript error: file:///C:/Users/CFLAP471/AppData/Local/Temp/anonymous1582187776459125719webdriver-profile/extensions/fxdriver@googlecode.com/components/driver-component.js, line 11464: TypeError: this.server_ is undefined
JavaScript error: chrome://fxdriver/content/server.js, line 38: NS_ERROR_XPC_CI_RETURNED_FAILURE: Component returned failure code: 0x80570015 (NS_ERROR_XPC_CI_RETURNED_FAILURE) [nsIJSCID.createInstance]
JavaScript warning: https://self-repair.mozilla.org/en-US/repair/, line 8: mutating the [[Prototype]] of an object will cause your code to run very slowly; instead create the object with the correct initial [[Prototype]] value using Object.create
1450579382712	addons.manager	DEBUG	shutdown
1450579382713	addons.manager	DEBUG	Calling shutdown blocker for XPIProvider
1450579382714	addons.xpi	DEBUG	shutdown
1450579382715	addons.xpi-utils	DEBUG	shutdown
1450579382717	addons.manager	DEBUG	Calling shutdown blocker for LightweightThemeManager
1450579382718	addons.manager	DEBUG	Calling shutdown blocker for GMPProvider
1450579382726	addons.manager	DEBUG	Calling shutdown blocker for PluginProvider
1450579382727	addons.manager	DEBUG	Calling shutdown blocker for <unnamed-provider>
1450579382730	addons.manager	DEBUG	Calling shutdown blocker for PreviousExperimentProvider
1450579382741	addons.xpi	DEBUG	Notifying XPI shutdown observers
1450579382755	addons.manager	DEBUG	Async provider shutdown done

Build info: version: '2.43.1', revision: '5163bce', time: '2014-09-10 16:27:33'
System info: host: 'CFLAP0471', ip: '192.168.0.3', os.name: 'Windows 8.1', os.arch: 'amd64', os.version: '6.3', java.version: '1.8.0_66'
Driver info: driver.version: FirefoxDriver
	at org.openqa.selenium.firefox.internal.NewProfileExtensionConnection.start(NewProfileExtensionConnection.java:130)
	at org.openqa.selenium.firefox.FirefoxDriver.startClient(FirefoxDriver.java:246)
	at org.openqa.selenium.remote.RemoteWebDriver.<init>(RemoteWebDriver.java:114)
	at org.openqa.selenium.firefox.FirefoxDriver.<init>(FirefoxDriver.java:193)
	at org.openqa.selenium.firefox.FirefoxDriver.<init>(FirefoxDriver.java:186)
	at org.openqa.selenium.firefox.FirefoxDriver.<init>(FirefoxDriver.java:182)
	at org.openqa.selenium.firefox.FirefoxDriver.<init>(FirefoxDriver.java:95)
	at com.singleredmineticket.CreatingSingleRedmineTicket.setUp(CreatingSingleRedmineTicket.java:21)
	at sun.reflect.NativeMethodAccessorImpl.invoke0(Native Method)
	at sun.reflect.NativeMethodAccessorImpl.invoke(Unknown Source)
	at sun.reflect.DelegatingMethodAccessorImpl.invoke(Unknown Source)
	at java.lang.reflect.Method.invoke(Unknown Source)
	at org.testng.internal.MethodInvocationHelper.invokeMethod(MethodInvocationHelper.java:84)
	at org.testng.internal.Invoker.invokeConfigurationMethod(Invoker.java:564)
	at org.testng.internal.Invoker.invokeConfigurations(Invoker.java:213)
	at org.testng.internal.Invoker.invokeConfigurations(Invoker.java:138)
	at org.testng.internal.TestMethodWorker.invokeBeforeClassMethods(TestMethodWorker.java:175)
	at org.testng.internal.TestMethodWorker.run(TestMethodWorker.java:107)
	at org.testng.TestRunner.privateRun(TestRunner.java:767)
	at org.testng.TestRunner.run(TestRunner.java:617)
	at org.testng.SuiteRunner.runTest(SuiteRunner.java:334)
	at org.testng.SuiteRunner.runSequentially(SuiteRunner.java:329)
	at org.testng.SuiteRunner.privateRun(SuiteRunner.java:291)
	at org.testng.SuiteRunner.run(SuiteRunner.java:240)
	at org.testng.SuiteRunnerWorker.runSuite(SuiteRunnerWorker.java:52)
	at org.testng.SuiteRunnerWorker.run(SuiteRunnerWorker.java:86)
	at org.testng.TestNG.runSuitesSequentially(TestNG.java:1224)
	at org.testng.TestNG.runSuitesLocally(TestNG.java:1149)
	at org.testng.TestNG.run(TestNG.java:1057)
	at org.testng.remote.RemoteTestNG.run(RemoteTestNG.java:111)
	at org.testng.remote.RemoteTestNG.initAndRun(RemoteTestNG.java:204)
	at org.testng.remote.RemoteTestNG.main(RemoteTestNG.java:175)
Caused by: org.openqa.selenium.firefox.NotConnectedException: Unable to connect to host 127.0.0.1 on port 7055 after 45000 ms. Firefox console output:
	addons.xpi	DEBUG	getInstallState changed: false, state: {"app-profile":{"fxdriver@googlecode.com":{"d":"C:\\Users\\CFLAP471\\AppData\\Local\\Temp\\anonymous1582187776459125719webdriver-profile\\extensions\\fxdriver@googlecode.com","e":true,"v":"2.43.1","st":1450579344575,"mt":1450579344089}},"winreg-app-user":{"mozilla_cc@internetdownloadmanager.com":{"d":"C:\\Users\\CFLAP471\\AppData\\Roaming\\IDM\\idmmzcc5","e":false,"v":"7.3.26","st":1446289080292,"mt":1446289080277}},"app-global":{"{972ce4c6-7e08-4474-a285-3208198ce6fd}":{"d":"C:\\Program Files (x86)\\Mozilla Firefox\\browser\\extensions\\{972ce4c6-7e08-4474-a285-3208198ce6fd}","e":true,"v":"42.0","st":1446735879022,"mt":1446735877522}}}
1450579352057	addons.xpi	DEBUG	No changes found
1450579352079	addons.manager	DEBUG	Registering shutdown blocker for XPIProvider
1450579352081	addons.manager	DEBUG	Provider finished startup: XPIProvider
1450579352081	addons.manager	DEBUG	Starting provider: LightweightThemeManager
1450579352082	addons.manager	DEBUG	Registering shutdown blocker for LightweightThemeManager
1450579352082	addons.manager	DEBUG	Provider finished startup: LightweightThemeManager
1450579352084	addons.manager	DEBUG	Starting provider: GMPProvider
1450579352098	addons.manager	DEBUG	Registering shutdown blocker for GMPProvider
1450579352099	addons.manager	DEBUG	Provider finished startup: GMPProvider
1450579352099	addons.manager	DEBUG	Starting provider: PluginProvider
1450579352099	addons.manager	DEBUG	Registering shutdown blocker for PluginProvider
1450579352100	addons.manager	DEBUG	Provider finished startup: PluginProvider
1450579352101	addons.manager	DEBUG	Completed startup sequence
1450579352327	addons.xpi-utils	DEBUG	Starting async load of XPI database C:\Users\CFLAP471\AppData\Local\Temp\anonymous1582187776459125719webdriver-profile\extensions.json
*** Blocklist::_loadBlocklistFromFile: blocklist is disabled
1450579352744	addons.manager	DEBUG	Starting provider: <unnamed-provider>
1450579352745	addons.manager	DEBUG	Registering shutdown blocker for <unnamed-provider>
1450579352745	addons.manager	DEBUG	Provider finished startup: <unnamed-provider>
1450579353030	addons.xpi-utils	DEBUG	Async JSON file read took 0 MS
1450579353030	addons.xpi-utils	DEBUG	Finished async read of XPI database, parsing...
1450579353032	addons.xpi-utils	DEBUG	Successfully read XPI database
1450579353261	addons.manager	DEBUG	Starting provider: PreviousExperimentProvider
1450579353262	addons.manager	DEBUG	Registering shutdown blocker for PreviousExperimentProvider
1450579353262	addons.manager	DEBUG	Provider finished startup: PreviousExperimentProvider
JavaScript error: file:///C:/Users/CFLAP471/AppData/Local/Temp/anonymous1582187776459125719webdriver-profile/extensions/fxdriver@googlecode.com/components/driver-component.js, line 11464: TypeError: this.server_ is undefined
JavaScript error: chrome://fxdriver/content/server.js, line 38: NS_ERROR_XPC_CI_RETURNED_FAILURE: Component returned failure code: 0x80570015 (NS_ERROR_XPC_CI_RETURNED_FAILURE) [nsIJSCID.createInstance]
JavaScript warning: https://self-repair.mozilla.org/en-US/repair/, line 8: mutating the [[Prototype]] of an object will cause your code to run very slowly; instead create the object with the correct initial [[Prototype]] value using Object.create
1450579382712	addons.manager	DEBUG	shutdown
1450579382713	addons.manager	DEBUG	Calling shutdown blocker for XPIProvider
1450579382714	addons.xpi	DEBUG	shutdown
1450579382715	addons.xpi-utils	DEBUG	shutdown
1450579382717	addons.manager	DEBUG	Calling shutdown blocker for LightweightThemeManager
1450579382718	addons.manager	DEBUG	Calling shutdown blocker for GMPProvider
1450579382726	addons.manager	DEBUG	Calling shutdown blocker for PluginProvider
1450579382727	addons.manager	DEBUG	Calling shutdown blocker for <unnamed-provider>
1450579382730	addons.manager	DEBUG	Calling shutdown blocker for PreviousExperimentProvider
1450579382741	addons.xpi	DEBUG	Notifying XPI shutdown observers
1450579382755	addons.manager	DEBUG	Async provider shutdown done

	at org.openqa.selenium.firefox.internal.NewProfileExtensionConnection.start(NewProfileExtensionConnection.java:118)
	... 31 more
]]>
    </failure>
  </testcase> <!-- testRedime -->
</testsuite> <!-- com.singleredmineticket.CreatingSingleRedmineTicket -->
